F:\Soft\Visual Studio 2019\MSBuild\Microsoft\VC\v160\Microsoft.CppBuild.targets(513,5): warning MSB8028: The intermediate directory (x64\Debug\) contains files shared from another project (percentile_finder.vcxproj).  This can lead to incorrect clean and rebuild behavior.
  percentile_finder.cpp
F:\Soft\Visual Studio 2019\VC\Tools\MSVC\14.29.30133\include\limits.h(70,5): warning C4668: '__STDC_WANT_SECURE_LIB__' is not defined as a preprocessor macro, replacing with '0' for '#if/#elif'
F:\Soft\Visual Studio 2019\VC\Tools\MSVC\14.29.30133\include\xmemory(162,5): warning C4365: 'argument': conversion from 'long' to 'unsigned int', signed/unsigned mismatch
F:\Soft\Visual Studio 2019\VC\Tools\MSVC\14.29.30133\include\xmemory(172,5): warning C4365: 'argument': conversion from 'long' to 'unsigned int', signed/unsigned mismatch
F:\Soft\Visual Studio 2019\VC\Tools\MSVC\14.29.30133\include\atomic(292,9): warning C4365: 'argument': conversion from 'long' to 'unsigned int', signed/unsigned mismatch
F:\Soft\Visual Studio 2019\VC\Tools\MSVC\14.29.30133\include\atomic(308,9): warning C4365: 'argument': conversion from 'long' to 'unsigned int', signed/unsigned mismatch
F:\Soft\Visual Studio 2019\VC\Tools\MSVC\14.29.30133\include\atomic(325,9): warning C4365: 'argument': conversion from 'long' to 'unsigned int', signed/unsigned mismatch
F:\Soft\Visual Studio 2019\VC\Tools\MSVC\14.29.30133\include\atomic(388,9): warning C4365: 'argument': conversion from 'long' to 'unsigned int', signed/unsigned mismatch
F:\vyvoj\ppr\percentile_finder\percentile_finder\percentile_finder.cpp(41,64): warning C5219: implicit conversion from 'uint64_t' to 'double', possible loss of data
F:\vyvoj\ppr\percentile_finder\percentile_finder\percentile_finder.cpp(56,48): warning C4365: 'initializing': conversion from 'std::streamoff' to 'uint64_t', signed/unsigned mismatch
F:\vyvoj\ppr\percentile_finder\percentile_finder\percentile_finder.cpp(58,47): warning C4365: 'argument': conversion from 'uint64_t' to 'std::streamsize', signed/unsigned mismatch
F:\vyvoj\ppr\percentile_finder\percentile_finder\percentile_finder.cpp(61,27): warning C4018: '<': signed/unsigned mismatch
F:\vyvoj\ppr\percentile_finder\percentile_finder\percentile_finder.cpp(62,16): warning C4365: 'argument': conversion from 'int' to 'const unsigned __int64', signed/unsigned mismatch
F:\vyvoj\ppr\percentile_finder\percentile_finder\percentile_finder.cpp(63,48): warning C4365: 'argument': conversion from 'int' to 'const unsigned __int64', signed/unsigned mismatch
F:\vyvoj\ppr\percentile_finder\percentile_finder\percentile_finder.cpp(77,56): warning C5219: implicit conversion from 'uint64_t' to 'double', possible loss of data
F:\vyvoj\ppr\percentile_finder\percentile_finder\percentile_finder.cpp(82,23): warning C4388: '<': signed/unsigned mismatch
F:\vyvoj\ppr\percentile_finder\percentile_finder\percentile_finder.cpp(83,33): warning C4365: 'argument': conversion from 'int' to 'const unsigned __int64', signed/unsigned mismatch
F:\vyvoj\ppr\percentile_finder\percentile_finder\percentile_finder.cpp(85,50): warning C5219: implicit conversion from 'uint64_t' to 'double', possible loss of data
F:\vyvoj\ppr\percentile_finder\percentile_finder\percentile_finder.cpp(87,22): warning C4365: '=': conversion from 'int' to 'uint32_t', signed/unsigned mismatch
F:\vyvoj\ppr\percentile_finder\percentile_finder\percentile_finder.cpp(91,40): warning C4365: 'argument': conversion from 'int' to 'const unsigned __int64', signed/unsigned mismatch
F:\vyvoj\ppr\percentile_finder\percentile_finder\percentile_finder.cpp(98,60): warning C4365: 'argument': conversion from 'uint32_t' to 'int32_t', signed/unsigned mismatch
F:\vyvoj\ppr\percentile_finder\percentile_finder\percentile_finder.cpp(105,33): warning C4456: declaration of 'phase_vectorsize' hides previous local declaration
F:\vyvoj\ppr\percentile_finder\percentile_finder\percentile_finder.cpp(43,10): message : see declaration of 'phase_vectorsize'
F:\vyvoj\ppr\percentile_finder\percentile_finder\percentile_finder.cpp(106,22): warning C4456: declaration of 'phase' hides previous local declaration
F:\vyvoj\ppr\percentile_finder\percentile_finder\percentile_finder.cpp(79,10): message : see declaration of 'phase'
F:\vyvoj\ppr\percentile_finder\percentile_finder\percentile_finder.cpp(116,57): warning C4365: 'argument': conversion from 'uint32_t' to 'int32_t', signed/unsigned mismatch
F:\vyvoj\ppr\percentile_finder\percentile_finder\percentile_finder.cpp(117,21): warning C4244: 'initializing': conversion from 'int64_t' to 'double', possible loss of data
F:\vyvoj\ppr\percentile_finder\percentile_finder\percentile_finder.cpp(118,59): warning C4365: 'argument': conversion from 'uint32_t' to 'int32_t', signed/unsigned mismatch
F:\vyvoj\ppr\percentile_finder\percentile_finder\percentile_finder.cpp(119,23): warning C4456: declaration of 'high' hides previous local declaration
F:\vyvoj\ppr\percentile_finder\percentile_finder\percentile_finder.cpp(47,10): message : see declaration of 'high'
F:\vyvoj\ppr\percentile_finder\percentile_finder\percentile_finder.cpp(119,21): warning C4244: 'initializing': conversion from 'int64_t' to 'double', possible loss of data
F:\vyvoj\ppr\percentile_finder\percentile_finder\percentile_finder.cpp(122,51): warning C4365: 'argument': conversion from 'uint64_t' to 'std::streamsize', signed/unsigned mismatch
F:\vyvoj\ppr\percentile_finder\percentile_finder\percentile_finder.cpp(124,13): warning C4456: declaration of 'i' hides previous local declaration
F:\vyvoj\ppr\percentile_finder\percentile_finder\percentile_finder.cpp(120,18): message : see declaration of 'i'
F:\vyvoj\ppr\percentile_finder\percentile_finder\percentile_finder.cpp(124,31): warning C4388: '<': signed/unsigned mismatch
F:\vyvoj\ppr\percentile_finder\percentile_finder\percentile_finder.cpp(125,42): warning C4365: 'argument': conversion from 'int' to 'const unsigned __int64', signed/unsigned mismatch
F:\vyvoj\ppr\percentile_finder\percentile_finder\percentile_finder.cpp(127,54): warning C4365: 'argument': conversion from 'int' to 'const unsigned __int64', signed/unsigned mismatch
F:\vyvoj\ppr\percentile_finder\percentile_finder\percentile_finder.cpp(127,54): warning C4244: 'argument': conversion from '_Ty' to 'int64_t', possible loss of data
          with
          [
              _Ty=double_t
          ]
F:\vyvoj\ppr\percentile_finder\percentile_finder\percentile_finder.cpp(128,20): warning C4365: 'argument': conversion from 'int' to 'const unsigned __int64', signed/unsigned mismatch
F:\vyvoj\ppr\percentile_finder\percentile_finder\percentile_finder.cpp(129,52): warning C4365: 'argument': conversion from 'int' to 'const unsigned __int64', signed/unsigned mismatch
F:\vyvoj\ppr\percentile_finder\percentile_finder\percentile_finder.cpp(130,38): warning C4456: declaration of 'number' hides previous local declaration
F:\vyvoj\ppr\percentile_finder\percentile_finder\percentile_finder.cpp(126,25): message : see declaration of 'number'
F:\vyvoj\ppr\percentile_finder\percentile_finder\percentile_finder.cpp(131,38): warning C4456: declaration of 'index' hides previous local declaration
F:\vyvoj\ppr\percentile_finder\percentile_finder\percentile_finder.cpp(78,14): message : see declaration of 'index'
F:\vyvoj\ppr\percentile_finder\percentile_finder\percentile_finder.cpp(133,53): warning C4365: 'initializing': conversion from 'std::streamoff' to 'uint64_t', signed/unsigned mismatch
F:\vyvoj\ppr\percentile_finder\percentile_finder\percentile_finder.cpp(146,27): warning C4388: '<': signed/unsigned mismatch
F:\vyvoj\ppr\percentile_finder\percentile_finder\percentile_finder.cpp(148,54): warning C5219: implicit conversion from 'uint64_t' to 'double', possible loss of data
F:\vyvoj\ppr\percentile_finder\percentile_finder\percentile_finder.cpp(150,26): warning C4365: '=': conversion from 'int' to 'uint32_t', signed/unsigned mismatch
F:\vyvoj\ppr\percentile_finder\percentile_finder\percentile_finder.cpp(46,10): warning C4189: 'low': local variable is initialized but not referenced
F:\vyvoj\ppr\percentile_finder\percentile_finder\percentile_finder.cpp(49,10): warning C4189: 'ienqkwn': local variable is initialized but not referenced
F:\vyvoj\ppr\percentile_finder\percentile_finder\percentile_finder.cpp(43,10): warning C4189: 'phase_vectorsize': local variable is initialized but not referenced
F:\vyvoj\ppr\percentile_finder\percentile_finder\percentile_finder.cpp(47,10): warning C4189: 'high': local variable is initialized but not referenced
F:\vyvoj\ppr\percentile_finder\percentile_finder\percentile_finder.cpp(56,18): warning C4189: 'actual_position': local variable is initialized but not referenced
F:\vyvoj\ppr\percentile_finder\percentile_finder\percentile_finder.cpp(103,18): warning C4189: 'number_of_elements': local variable is initialized but not referenced
F:\vyvoj\ppr\percentile_finder\percentile_finder\percentile_finder.cpp(158,18): warning C4189: 'last_enc': local variable is initialized but not referenced
F:\vyvoj\ppr\percentile_finder\percentile_finder\percentile_finder.cpp(144,14): warning C4189: 'numbereara': local variable is initialized but not referenced
F:\vyvoj\ppr\percentile_finder\percentile_finder\percentile_finder.cpp(106,14): warning C4189: 'phase': local variable is initialized but not referenced
F:\vyvoj\ppr\percentile_finder\percentile_finder\percentile_finder.cpp(104,14): warning C4189: 'number_of_elems': local variable is initialized but not referenced
F:\vyvoj\ppr\percentile_finder\percentile_finder\percentile_finder.cpp(157,18): warning C4189: 'first_enc': local variable is initialized but not referenced
F:\vyvoj\ppr\percentile_finder\percentile_finder\percentile_finder.cpp(117,16): warning C4189: 'loww': local variable is initialized but not referenced
F:\vyvoj\ppr\percentile_finder\percentile_finder\percentile_finder.cpp(145,14): warning C4189: 'aaaaa': local variable is initialized but not referenced
F:\vyvoj\ppr\percentile_finder\percentile_finder\percentile_finder.cpp(119,16): warning C4189: 'high': local variable is initialized but not referenced
F:\vyvoj\ppr\percentile_finder\percentile_finder\percentile_finder.cpp(127,22): warning C4189: 'iindex': local variable is initialized but not referenced
F:\vyvoj\ppr\percentile_finder\percentile_finder\percentile_finder.cpp(173,37): warning C4365: 'initializing': conversion from 'std::streamoff' to 'uint64_t', signed/unsigned mismatch
F:\vyvoj\ppr\percentile_finder\percentile_finder\percentile_finder.cpp(174,61): warning C5219: implicit conversion from 'uint64_t' to 'double', possible loss of data
F:\vyvoj\ppr\percentile_finder\percentile_finder\percentile_finder.cpp(179,95): warning C4365: 'argument': conversion from 'uint32_t' to 'int', signed/unsigned mismatch
F:\vyvoj\ppr\percentile_finder\percentile_finder\percentile_finder.cpp(167,79): warning C4100: 'execution_mode': unreferenced formal parameter
F:\vyvoj\ppr\percentile_finder\percentile_finder\percentile_finder.cpp(209,41): warning C4365: 'initializing': conversion from 'std::streamoff' to 'uint64_t', signed/unsigned mismatch
F:\vyvoj\ppr\percentile_finder\percentile_finder\percentile_finder.cpp(211,37): warning C4365: 'initializing': conversion from 'std::streamoff' to 'uint64_t', signed/unsigned mismatch
F:\vyvoj\ppr\percentile_finder\percentile_finder\percentile_finder.cpp(214,44): warning C4365: 'argument': conversion from 'uint64_t' to 'std::streamsize', signed/unsigned mismatch
F:\vyvoj\ppr\percentile_finder\percentile_finder\percentile_finder.cpp(216,23): warning C4388: '<': signed/unsigned mismatch
F:\vyvoj\ppr\percentile_finder\percentile_finder\percentile_finder.cpp(218,12): warning C4365: 'argument': conversion from 'int' to 'const unsigned __int64', signed/unsigned mismatch
F:\vyvoj\ppr\percentile_finder\percentile_finder\percentile_finder.cpp(227,75): warning C5219: implicit conversion from 'unsigned __int64' to 'double_t', possible loss of data
F:\vyvoj\ppr\percentile_finder\percentile_finder\percentile_finder.cpp(209,14): warning C4189: 'beginingsize': local variable is initialized but not referenced
F:\vyvoj\ppr\percentile_finder\percentile_finder\percentile_finder.cpp(188,12): warning C4189: 'aaa': local variable is initialized but not referenced
F:\vyvoj\ppr\percentile_finder\percentile_finder\percentile_finder.cpp(218): warning C5045: Compiler will insert Spectre mitigation for memory load if /Qspectre switch specified
F:\vyvoj\ppr\percentile_finder\percentile_finder\percentile_finder.cpp(216): message : index '' range checked by comparison on this line
F:\vyvoj\ppr\percentile_finder\percentile_finder\percentile_finder.cpp(218): message : feeds call on this line
F:\vyvoj\ppr\percentile_finder\percentile_finder\percentile_finder.cpp(122): warning C5045: Compiler will insert Spectre mitigation for memory load if /Qspectre switch specified
F:\vyvoj\ppr\percentile_finder\percentile_finder\percentile_finder.cpp(120): message : index 'i' range checked by comparison on this line
F:\vyvoj\ppr\percentile_finder\percentile_finder\percentile_finder.cpp(122): message : feeds call on this line
F:\vyvoj\ppr\percentile_finder\percentile_finder\percentile_finder.cpp(98): warning C5045: Compiler will insert Spectre mitigation for memory load if /Qspectre switch specified
F:\vyvoj\ppr\percentile_finder\percentile_finder\percentile_finder.cpp(96): message : index '' range checked by comparison on this line
F:\vyvoj\ppr\percentile_finder\percentile_finder\percentile_finder.cpp(98): message : feeds call on this line
F:\vyvoj\ppr\percentile_finder\percentile_finder\percentile_finder.cpp(83): warning C5045: Compiler will insert Spectre mitigation for memory load if /Qspectre switch specified
F:\vyvoj\ppr\percentile_finder\percentile_finder\percentile_finder.cpp(82): message : index '' range checked by comparison on this line
F:\vyvoj\ppr\percentile_finder\percentile_finder\percentile_finder.cpp(83): message : feeds call on this line
F:\vyvoj\ppr\percentile_finder\percentile_finder\percentile_finder.cpp(58): warning C5045: Compiler will insert Spectre mitigation for memory load if /Qspectre switch specified
F:\vyvoj\ppr\percentile_finder\percentile_finder\percentile_finder.cpp(55): message : index 'i' range checked by comparison on this line
F:\vyvoj\ppr\percentile_finder\percentile_finder\percentile_finder.cpp(58): message : feeds call on this line
F:\vyvoj\ppr\percentile_finder\percentile_finder\percentile_finder.cpp(41): warning C5045: Compiler will insert Spectre mitigation for memory load if /Qspectre switch specified
F:\vyvoj\ppr\percentile_finder\percentile_finder\percentile_finder.cpp(41): message : index 'filesize' range checked by comparison on this line
F:\vyvoj\ppr\percentile_finder\percentile_finder\percentile_finder.cpp(41): message : feeds call on this line
  percentile_finder.vcxproj -> F:\vyvoj\ppr\percentile_finder\x64\Debug\percentile_finder.exe
